<?xml version="1.0" encoding="UTF-8"?>
<!-- Generated by org.testng.reporters.JUnitReportReporter -->
<testsuite hostname="LAPTOP-JD0NA4B0" failures="0" tests="4" name="TestNG.EnableFalse" time="0.005" errors="0" timestamp="2024-02-08T22:34:30 IST" skipped="1">
  <testcase classname="TestNG.EnableFalse" name="TestA" time="0.002"/>
  <testcase classname="TestNG.EnableFalse" name="TestD" time="0.002"/>
  <testcase classname="TestNG.EnableFalse" name="TestC" time="0.001"/>
  <testcase classname="TestNG.EnableFalse" name="TestB">
    <skipped/>
  </testcase> <!-- TestB -->
</testsuite> <!-- TestNG.EnableFalse -->
