<?xml version="1.0" encoding="UTF-8"?>
<!-- Generated by org.testng.reporters.JUnitReportReporter -->
<testsuite hostname="LAPTOP-JD0NA4B0" failures="0" tests="5" name="TestNG.Priority" time="0.008" errors="0" timestamp="2024-02-08T22:34:30 IST" skipped="0">
  <testcase classname="TestNG.Priority" name="TestD" time="0.001"/>
  <testcase classname="TestNG.Priority" name="TestB" time="0.002"/>
  <testcase classname="TestNG.Priority" name="TestC" time="0.001"/>
  <testcase classname="TestNG.Priority" name="TestA" time="0.001"/>
  <testcase classname="TestNG.Priority" name="TestE" time="0.003"/>
</testsuite> <!-- TestNG.Priority -->
