<?xml version="1.0" encoding="UTF-8"?>
<!-- Generated by org.testng.reporters.JUnitReportReporter -->
<testsuite hostname="LAPTOP-JD0NA4B0" failures="0" tests="2" name="TestNG.TestNG_Annotations" time="0.012" errors="0" timestamp="2024-02-08T22:41:46 IST" skipped="0">
  <testcase classname="TestNG.TestNG_Annotations" name="TestA" time="0.009"/>
  <testcase classname="TestNG.TestNG_Annotations" name="TestB" time="0.003"/>
</testsuite> <!-- TestNG.TestNG_Annotations -->
