<?xml version="1.0" encoding="UTF-8"?>
<!-- Generated by org.testng.reporters.JUnitReportReporter -->
<testsuite hostname="LAPTOP-JD0NA4B0" failures="0" tests="3" name="TestNG.DependsOnMethods" time="0.007" errors="0" timestamp="2024-02-08T22:34:30 IST" skipped="0">
  <testcase classname="TestNG.DependsOnMethods" name="TestB" time="0.002"/>
  <testcase classname="TestNG.DependsOnMethods" name="TestA" time="0.003"/>
  <testcase classname="TestNG.DependsOnMethods" name="TestC" time="0.002"/>
</testsuite> <!-- TestNG.DependsOnMethods -->
