<?xml version="1.0" encoding="UTF-8"?>
<!-- Generated by org.testng.reporters.JUnitReportReporter -->
<testsuite hostname="LAPTOP-JD0NA4B0" failures="0" tests="5" name="TestNG.InvocationCount" time="0.024" errors="0" timestamp="2024-02-08T22:34:30 IST" skipped="0">
  <testcase classname="TestNG.InvocationCount" name="TestB" time="0.003"/>
  <testcase classname="TestNG.InvocationCount" name="TestD" time="0.002"/>
  <testcase classname="TestNG.InvocationCount" name="TestB" time="0.014"/>
  <testcase classname="TestNG.InvocationCount" name="TestA" time="0.002"/>
  <testcase classname="TestNG.InvocationCount" name="TestC" time="0.003"/>
</testsuite> <!-- TestNG.InvocationCount -->
