<?xml version="1.0" encoding="UTF-8"?>
<!-- Generated by org.testng.reporters.JUnitReportReporter -->
<testsuite hostname="LAPTOP-JD0NA4B0" failures="0" tests="1" name="TestNG.Test_Profile_Annotation" time="3.578" errors="0" timestamp="2024-02-08T22:34:30 IST" skipped="0">
  <testcase classname="TestNG.Test_Profile_Annotation" name="To_verify_the_Profile_Page" time="3.578"/>
</testsuite> <!-- TestNG.Test_Profile_Annotation -->
